<?xml version="1.0" encoding="UTF-8"?>
<!-- Generated by org.testng.reporters.JUnitXMLReporter -->
<testsuite ignored="0" hostname="M260942XWG8WP" failures="0" tests="3" name="Sample test" time="27.668" errors="0" timestamp="13 May 2018 13:39:34 GMT">
  <testcase classname="com.crmqa.qa.tests.LoginPageTest" name="loginPageImage" time="0.043"/>
  <testcase classname="com.crmqa.qa.tests.LoginPageTest" name="loginPageTitleTest" time="0.02"/>
  <testcase classname="com.crmqa.qa.tests.LoginPageTest" name="loginTest" time="11.2"/>
</testsuite> <!-- Sample test -->
