<?xml version="1.0" encoding="UTF-8"?>
<!-- Generated by org.testng.reporters.JUnitXMLReporter -->
<testsuite ignored="0" hostname="M260942XWG8WP" failures="0" tests="3" name="Default test" time="29.753" errors="0" timestamp="14 May 2018 07:22:59 GMT">
  <testcase classname="com.crmqa.qa.tests.LoginPageTest" name="loginPageImage" time="0.098"/>
  <testcase classname="com.crmqa.qa.tests.LoginPageTest" name="loginPageTitleTest" time="0.019"/>
  <testcase classname="com.crmqa.qa.tests.LoginPageTest" name="loginTest" time="12.138"/>
</testsuite> <!-- Default test -->
