<?xml version="1.0" encoding="UTF-8"?>
<!-- Generated by org.testng.reporters.JUnitXMLReporter -->
<testsuite hostname="M260942XWG8WP" ignored="0" name="Command line test" tests="3" failures="0" timestamp="14 May 2018 14:30:44 GMT" time="33.966" errors="0">
  <testcase name="loginPageImage" time="0.031" classname="com.crmqa.qa.tests.LoginPageTest"/>
  <testcase name="loginPageTitleTest" time="0.02" classname="com.crmqa.qa.tests.LoginPageTest"/>
  <testcase name="loginTest" time="11.578" classname="com.crmqa.qa.tests.LoginPageTest"/>
</testsuite> <!-- Command line test -->
