<?xml version="1.0" encoding="UTF-8"?>
<testng-results ignored="0" total="3" passed="3" failed="0" skipped="0">
  <reporter-output>
  </reporter-output>
  <suite started-at="2018-05-14T07:22:29Z" name="Default suite" finished-at="2018-05-14T07:22:59Z" duration-ms="29753">
    <groups>
    </groups>
    <test started-at="2018-05-14T07:22:29Z" name="Default test" finished-at="2018-05-14T07:22:59Z" duration-ms="29753">
      <class name="com.crmqa.qa.tests.LoginPageTest">
        <test-method is-config="true" signature="setUp()[pri:0, instance:com.crmqa.qa.tests.LoginPageTest@c88a337]" started-at="2018-05-14T07:22:29Z" name="setUp" finished-at="2018-05-14T07:22:36Z" duration-ms="6194" status="PASS">
          <reporter-output>
          </reporter-output>
        </test-method> <!-- setUp -->
        <test-method signature="loginPageImage()[pri:0, instance:com.crmqa.qa.tests.LoginPageTest@c88a337]" started-at="2018-05-14T07:22:36Z" name="loginPageImage" finished-at="2018-05-14T07:22:36Z" duration-ms="98" status="PASS">
          <reporter-output>
          </reporter-output>
        </test-method> <!-- loginPageImage -->
        <test-method is-config="true" signature="tearDown()[pri:0, instance:com.crmqa.qa.tests.LoginPageTest@c88a337]" started-at="2018-05-14T07:22:36Z" name="tearDown" finished-at="2018-05-14T07:22:36Z" duration-ms="85" status="PASS">
          <reporter-output>
          </reporter-output>
        </test-method> <!-- tearDown -->
        <test-method is-config="true" signature="setUp()[pri:0, instance:com.crmqa.qa.tests.LoginPageTest@c88a337]" started-at="2018-05-14T07:22:36Z" name="setUp" finished-at="2018-05-14T07:22:41Z" duration-ms="5227" status="PASS">
          <reporter-output>
          </reporter-output>
        </test-method> <!-- setUp -->
        <test-method signature="loginPageTitleTest()[pri:0, instance:com.crmqa.qa.tests.LoginPageTest@c88a337]" started-at="2018-05-14T07:22:41Z" name="loginPageTitleTest" finished-at="2018-05-14T07:22:41Z" duration-ms="19" status="PASS">
          <reporter-output>
          </reporter-output>
        </test-method> <!-- loginPageTitleTest -->
        <test-method is-config="true" signature="tearDown()[pri:0, instance:com.crmqa.qa.tests.LoginPageTest@c88a337]" started-at="2018-05-14T07:22:41Z" name="tearDown" finished-at="2018-05-14T07:22:41Z" duration-ms="82" status="PASS">
          <reporter-output>
          </reporter-output>
        </test-method> <!-- tearDown -->
        <test-method is-config="true" signature="setUp()[pri:0, instance:com.crmqa.qa.tests.LoginPageTest@c88a337]" started-at="2018-05-14T07:22:41Z" name="setUp" finished-at="2018-05-14T07:22:47Z" duration-ms="5809" status="PASS">
          <reporter-output>
          </reporter-output>
        </test-method> <!-- setUp -->
        <test-method signature="loginTest()[pri:0, instance:com.crmqa.qa.tests.LoginPageTest@c88a337]" started-at="2018-05-14T07:22:47Z" name="loginTest" finished-at="2018-05-14T07:22:59Z" duration-ms="12138" status="PASS">
          <reporter-output>
          </reporter-output>
        </test-method> <!-- loginTest -->
        <test-method is-config="true" signature="tearDown()[pri:0, instance:com.crmqa.qa.tests.LoginPageTest@c88a337]" started-at="2018-05-14T07:22:59Z" name="tearDown" finished-at="2018-05-14T07:22:59Z" duration-ms="79" status="PASS">
          <reporter-output>
          </reporter-output>
        </test-method> <!-- tearDown -->
      </class> <!-- com.crmqa.qa.tests.LoginPageTest -->
    </test> <!-- Default test -->
  </suite> <!-- Default suite -->
</testng-results>
